2015-05-14 21:35:57,987 - [INFO] - from play in pool-6-thread-3 
Listening for HTTP on /0:0:0:0:0:0:0:0:9000

2015-05-14 21:37:13,285 - [INFO] - from play in play-internal-execution-context-1 
database [default] connected at jdbc:mysql://localhost/end_product?useUnicode=yes&characterEncoding=UTF-8&connectionCollation=utf8_general_ci

2015-05-14 21:37:13,889 - [INFO] - from play in play-internal-execution-context-1 
Application started (Dev)

2015-05-14 21:38:45,567 - [INFO] - from play in play-internal-execution-context-1 
database [default] connected at jdbc:mysql://localhost/end_product?useUnicode=yes&characterEncoding=UTF-8&connectionCollation=utf8_general_ci

2015-05-14 21:38:45,657 - [INFO] - from play in play-internal-execution-context-1 
Application started (Dev)

2015-05-14 21:42:36,462 - [INFO] - from play in play-internal-execution-context-1 
database [default] connected at jdbc:mysql://localhost/end_product?useUnicode=yes&characterEncoding=UTF-8&connectionCollation=utf8_general_ci

2015-05-14 21:42:36,595 - [INFO] - from play in play-internal-execution-context-1 
Application started (Dev)

2015-05-14 21:43:20,887 - [INFO] - from play in play-internal-execution-context-1 
database [default] connected at jdbc:mysql://localhost/end_product?useUnicode=yes&characterEncoding=UTF-8&connectionCollation=utf8_general_ci

2015-05-14 21:43:20,977 - [INFO] - from play in play-internal-execution-context-1 
Application started (Dev)

2015-05-14 21:44:04,612 - [INFO] - from play in play-internal-execution-context-1 
database [default] connected at jdbc:mysql://localhost/end_product?useUnicode=yes&characterEncoding=UTF-8&connectionCollation=utf8_general_ci

2015-05-14 21:44:04,771 - [INFO] - from play in play-internal-execution-context-1 
Application started (Dev)

2015-05-14 21:48:53,875 - [INFO] - from play in play-internal-execution-context-1 
database [default] connected at jdbc:mysql://localhost/end_product?useUnicode=yes&characterEncoding=UTF-8&connectionCollation=utf8_general_ci

2015-05-14 21:48:53,951 - [INFO] - from play in play-internal-execution-context-1 
Application started (Dev)

2015-05-14 21:49:33,225 - [INFO] - from play in play-internal-execution-context-1 
database [default] connected at jdbc:mysql://localhost/end_product?useUnicode=yes&characterEncoding=UTF-8&connectionCollation=utf8_general_ci

2015-05-14 21:49:33,350 - [INFO] - from play in play-internal-execution-context-1 
Application started (Dev)

